<?xml version="1.0" encoding="UTF-8"?>
<!-- Generated by org.testng.reporters.JUnitXMLReporter -->
<testsuite ignored="0" hostname="LAPTOP-TT023QHN" failures="0" tests="5" name="Test" time="12.707" errors="0" timestamp="2024-09-10T17:04:37 IST">
  <testcase classname="germanyiscalling.AssesmentGIC.SuccessfulLogin" name="successful_login" time="3.12"/>
  <testcase classname="germanyiscalling.AssesmentGIC.UnscessfulLoginSc1" name="invalidemailvalidps" time="2.525"/>
  <testcase classname="germanyiscalling.AssesmentGIC.UnscessfulLoginSc2" name="validemailinvalidps" time="2.674"/>
  <testcase classname="germanyiscalling.AssesmentGIC.UnscessfulLoginSc3" name="invalidemailinvalidps" time="2.416"/>
  <testcase classname="germanyiscalling.AssesmentGIC.UnscessfulLoginsc4" name="emptyfield" time="1.915"/>
</testsuite> <!-- Test -->
